!SESSION 2016-03-28 21:31:15.913 -----------------------------------------------
eclipse.buildId=4.5.0.I20150603-2000
java.version=1.8.0_73
java.vendor=Oracle Corporation
BootLoader constants: OS=macosx, ARCH=x86_64, WS=cocoa, NL=zh_CN
Framework arguments:  -product org.eclipse.epp.package.java.product -keyring /Users/BaoHan/.eclipse_keyring -showlocation
Command-line arguments:  -os macosx -ws cocoa -arch x86_64 -product org.eclipse.epp.package.java.product -keyring /Users/BaoHan/.eclipse_keyring -showlocation

!ENTRY org.eclipse.osgi 4 0 2016-03-28 21:31:30.717
!MESSAGE Application error
!STACK 1
org.eclipse.swt.SWTException: Device is disposed
	at org.eclipse.swt.SWT.error(SWT.java:4491)
	at org.eclipse.swt.SWT.error(SWT.java:4406)
	at org.eclipse.swt.SWT.error(SWT.java:4377)
	at org.eclipse.swt.widgets.Display.error(Display.java:1097)
	at org.eclipse.swt.widgets.Display.checkDevice(Display.java:632)
	at org.eclipse.swt.widgets.Display.getData(Display.java:1458)
	at org.eclipse.ui.internal.WorkbenchPlugin.unsetSplashShell(WorkbenchPlugin.java:1301)
	at org.eclipse.ui.internal.ide.application.IDEApplication.start(IDEApplication.java:130)
	at org.eclipse.equinox.internal.app.EclipseAppHandle.run(EclipseAppHandle.java:196)
	at org.eclipse.core.runtime.internal.adaptor.EclipseAppLauncher.runApplication(EclipseAppLauncher.java:134)
	at org.eclipse.core.runtime.internal.adaptor.EclipseAppLauncher.start(EclipseAppLauncher.java:104)
	at org.eclipse.core.runtime.adaptor.EclipseStarter.run(EclipseStarter.java:380)
	at org.eclipse.core.runtime.adaptor.EclipseStarter.run(EclipseStarter.java:235)
	at sun.reflect.NativeMethodAccessorImpl.invoke0(Native Method)
	at sun.reflect.NativeMethodAccessorImpl.invoke(NativeMethodAccessorImpl.java:62)
	at sun.reflect.DelegatingMethodAccessorImpl.invoke(DelegatingMethodAccessorImpl.java:43)
	at java.lang.reflect.Method.invoke(Method.java:497)
	at org.eclipse.equinox.launcher.Main.invokeFramework(Main.java:669)
	at org.eclipse.equinox.launcher.Main.basicRun(Main.java:608)
	at org.eclipse.equinox.launcher.Main.run(Main.java:1515)
